<< CAP LS
<< NICK cmeston
<< USER cmeston cmeston irc.dal.net :Chine MESTON
>> :halcyon.il.us.dal.net NOTICE AUTH :*** Looking up your hostname...
>> :halcyon.il.us.dal.net NOTICE AUTH :*** Found your hostname
>> :halcyon.il.us.dal.net 001 cmeston :Welcome to the DALnet IRC Network cmeston!~cmeston@62.210.33.161
<< MODE cmeston +i
>> :halcyon.il.us.dal.net 002 cmeston :Your host is halcyon.il.us.dal.net, running version bahamut-2.2.2
>> :halcyon.il.us.dal.net 003 cmeston :This server was created Tue Aug 23 2022 at 04:57:06 UTC
>> :halcyon.il.us.dal.net 004 cmeston halcyon.il.us.dal.net bahamut-2.2.2 aAbcCdefFghHiIjkKmnoOPrRsSwxXy AbceiIjklLmMnoOpPrRsStv beIjklov
>> :halcyon.il.us.dal.net 005 cmeston NETWORK=DALnet SAFELIST MAXBANS=200 MAXCHANNELS=50 CHANNELLEN=32 KICKLEN=307 NICKLEN=30 TOPICLEN=307 MODES=6 CHANTYPES=# CHANLIMIT=#:50 PREFIX=(ohv)@%+ STATUSMSG=@%+ :are available on this server
>> :halcyon.il.us.dal.net 005 cmeston CASEMAPPING=ascii WATCH=128 SILENCE=10 ELIST=cmntu EXCEPTS INVEX CHANMODES=beI,k,jl,ciPAmMnOprRsSt MAXLIST=b:200,e:100,I:100 TARGMAX=DCCALLOW:,JOIN:,KICK:4,KILL:20,NOTICE:20,PART:,PRIVMSG:20,WHOIS:,WHOWAS: :are available on this server
>> :halcyon.il.us.dal.net 251 cmeston :There are 68 users and 7919 invisible on 35 servers
>> :halcyon.il.us.dal.net 252 cmeston 64 :IRC Operators online
>> :halcyon.il.us.dal.net 254 cmeston 3883 :channels formed
>> :halcyon.il.us.dal.net 255 cmeston :I have 906 clients and 1 servers
>> :halcyon.il.us.dal.net 265 cmeston :Current local users: 906 Max: 4111
>> :halcyon.il.us.dal.net 266 cmeston :Current global users: 7987 Max: 16706
>> :halcyon.il.us.dal.net NOTICE cmeston :*** Notice -- motd was last changed at 15/11/2022 15:00
>> :halcyon.il.us.dal.net 375 cmeston :- halcyon.il.us.dal.net Message of the Day - 
>> :halcyon.il.us.dal.net 372 cmeston :-15/11/2022 15:00
>> :halcyon.il.us.dal.net 372 cmeston :-              _  _ ____ _    ____ _ _ ____ __ _
>> :halcyon.il.us.dal.net 372 cmeston :-              |--| |--| |___ |___  Y  [__] | \|
>> :halcyon.il.us.dal.net 372 cmeston :- 
>> :halcyon.il.us.dal.net 372 cmeston :-                 [ halcyon.il.us.dal.net    ]
>> :halcyon.il.us.dal.net 372 cmeston :- 
>> :halcyon.il.us.dal.net 372 cmeston :-                 [ Accessible via...        ]
>> :halcyon.il.us.dal.net 372 cmeston :-                 [ ipv4: halcyon.dal.net    ]
>> :halcyon.il.us.dal.net 372 cmeston :-                 [ ipv6: halcyon-v6.dal.net ]
>> :halcyon.il.us.dal.net 372 cmeston :- 
>> :halcyon.il.us.dal.net 372 cmeston :- Welcome to DALnet!  By connecting to this network, you agree to abide
>> :halcyon.il.us.dal.net 372 cmeston :- by its acceptable use policy, available here: http://www.dal.net/aup
>> :halcyon.il.us.dal.net 372 cmeston :- 
>> :halcyon.il.us.dal.net 372 cmeston :- Server Policies:
>> :halcyon.il.us.dal.net 372 cmeston :- 
>> :halcyon.il.us.dal.net 372 cmeston :-    *   We reserve the right to deny access to this server without
>> :halcyon.il.us.dal.net 372 cmeston :-        warning or explanation
>> :halcyon.il.us.dal.net 372 cmeston :-    *   No malicious bots, including flood and nick/channel chasers
>> :halcyon.il.us.dal.net 372 cmeston :-    *   No channel filler bots/clients/psybncs
>> :halcyon.il.us.dal.net 372 cmeston :-          - A channel filler is a client, bnc, or bot which is
>> :halcyon.il.us.dal.net 372 cmeston :-            connected just to fill a channel and make it look
>> :halcyon.il.us.dal.net 372 cmeston :-            bigger
>> :halcyon.il.us.dal.net 372 cmeston :-    *   Operator impersonation, spamming, or any other abuse will
>> :halcyon.il.us.dal.net 372 cmeston :-        cause you to be banned from this server
>> :halcyon.il.us.dal.net 372 cmeston :-    *   Abide by DALnet's AUP (www.dal.net/aup)
>> :halcyon.il.us.dal.net 372 cmeston :-    *   Please have fun and enjoy DALnet!
>> :halcyon.il.us.dal.net 372 cmeston :- 
>> :halcyon.il.us.dal.net 372 cmeston :-      ///admins////////////////////////////////////////
>> :halcyon.il.us.dal.net 372 cmeston :-      //                                             //
>> :halcyon.il.us.dal.net 372 cmeston :-      //  [ brandon - administrator             ]    //
>> :halcyon.il.us.dal.net 372 cmeston :-      //  [ klb     - assistant administrator   ]    //
>> :halcyon.il.us.dal.net 372 cmeston :-      //                                             //
>> :halcyon.il.us.dal.net 372 cmeston :-      ///operators/////////////////////////////////////
>> :halcyon.il.us.dal.net 372 cmeston :-      //                                             //
>> :halcyon.il.us.dal.net 372 cmeston :-      //  [ guppy  ] [ oldcrow  ] [ rasengan ]       //
>> :halcyon.il.us.dal.net 372 cmeston :-      //  [ s2pid  ] [ lilmiss  ] [ kiraela  ]       //
>> :halcyon.il.us.dal.net 372 cmeston :-      //  [ DTC    ]                                 //
>> :halcyon.il.us.dal.net 372 cmeston :-      //                                             //
>> :halcyon.il.us.dal.net 372 cmeston :-      /////////////////////////////////////////////////
>> :halcyon.il.us.dal.net 372 cmeston :- 
>> :halcyon.il.us.dal.net 372 cmeston :- 
>> :halcyon.il.us.dal.net 372 cmeston :- For IRCop assistance, please /join #operhelp or message one of our
>> :halcyon.il.us.dal.net 372 cmeston :- friendly server staff listed above.
>> :halcyon.il.us.dal.net 372 cmeston :- 
>> :halcyon.il.us.dal.net 372 cmeston :- For multilingual information:  <http://docs.dal.net/>
>> :halcyon.il.us.dal.net 372 cmeston :- 
>> :halcyon.il.us.dal.net 372 cmeston :- Thank you for using DALnet!  We hope you have a pleasant day.
>> :halcyon.il.us.dal.net 376 cmeston :End of /MOTD command.
>> :cmeston MODE cmeston :+iH
<< PING halcyon.il.us.dal.net
>> :halcyon.il.us.dal.net PONG halcyon.il.us.dal.net :cmeston
--> lag pong
>> :bifrost.ca.us.dal.net NOTICE AUTH :*** No Ident response
>> :bifrost.ca.us.dal.net 433 * cmeston :Nickname is already in use.
<< NICK cmeston_
>> :bifrost.ca.us.dal.net 001 cmeston_ :Welcome to the DALnet IRC Network cmeston_!~cmeston@62.210.33.161
<< MODE cmeston_ +i
<< WHOIS cmeston
>> :bifrost.ca.us.dal.net 002 cmeston_ :Your host is bifrost.ca.us.dal.net, running version bahamut-2.2.2
>> :bifrost.ca.us.dal.net 003 cmeston_ :This server was created Wed Oct 12 2022 at 17:21:47 EDT
>> :bifrost.ca.us.dal.net 004 cmeston_ bifrost.ca.us.dal.net bahamut-2.2.2 aAbcCdefFghHiIjkKmnoOPrRsSwxXy AbceiIjklLmMnoOpPrRsStv beIjklov
>> :bifrost.ca.us.dal.net 005 cmeston_ NETWORK=DALnet SAFELIST MAXBANS=200 MAXCHANNELS=30 CHANNELLEN=32 KICKLEN=307 NICKLEN=30 TOPICLEN=307 MODES=6 CHANTYPES=# CHANLIMIT=#:30 PREFIX=(ohv)@%+ STATUSMSG=@%+ :are available on this server
>> :bifrost.ca.us.dal.net 005 cmeston_ CASEMAPPING=ascii WATCH=128 SILENCE=10 ELIST=cmntu EXCEPTS INVEX CHANMODES=beI,k,jl,ciPAmMnOprRsSt MAXLIST=b:200,e:100,I:100 TARGMAX=DCCALLOW:,JOIN:,KICK:4,KILL:20,NOTICE:20,PART:,PRIVMSG:20,WHOIS:,WHOWAS: :are available on this server
>> :bifrost.ca.us.dal.net 251 cmeston_ :There are 68 users and 7919 invisible on 35 servers
>> :bifrost.ca.us.dal.net 252 cmeston_ 65 :IRC Operators online
>> :bifrost.ca.us.dal.net 254 cmeston_ 3884 :channels formed
>> :bifrost.ca.us.dal.net 255 cmeston_ :I have 186 clients and 1 servers
>> :bifrost.ca.us.dal.net 265 cmeston_ :Current local users: 186 Max: 601
>> :bifrost.ca.us.dal.net 266 cmeston_ :Current global users: 7987 Max: 12060
>> :bifrost.ca.us.dal.net NOTICE cmeston_ :*** Notice -- motd was last changed at 9/7/2020 9:20
>> :bifrost.ca.us.dal.net NOTICE cmeston_ :*** Notice -- Please read the motd if you haven't read it
>> :bifrost.ca.us.dal.net 375 cmeston_ :- bifrost.ca.us.dal.net Message of the Day - 
>> :bifrost.ca.us.dal.net 372 cmeston_ :- 
>> :bifrost.ca.us.dal.net 372 cmeston_ :- Welcome to DALnet!
>> :bifrost.ca.us.dal.net 372 cmeston_ :- 
>> :bifrost.ca.us.dal.net 372 cmeston_ :-   _     _  __               _
>> :bifrost.ca.us.dal.net 372 cmeston_ :-  | |__ (_)/ _|_ __ ___  ___| |_
>> :bifrost.ca.us.dal.net 372 cmeston_ :-  | '_ \| | |_| '__/ _ \/ __| __|
>> :bifrost.ca.us.dal.net 372 cmeston_ :-  | |_) | |  _| | | (_) \__ \ |_
>> :bifrost.ca.us.dal.net 372 cmeston_ :-  |_.__/|_|_| |_|  \___/|___/\__|
>> :bifrost.ca.us.dal.net 372 cmeston_ :-  -----bifrost.ca.us.dal.net-----
>> :bifrost.ca.us.dal.net 372 cmeston_ :- 
>> :bifrost.ca.us.dal.net 372 cmeston_ :-   Server Staff
>> :bifrost.ca.us.dal.net 372 cmeston_ :- 
>> :bifrost.ca.us.dal.net 372 cmeston_ :-  Administrators
>> :bifrost.ca.us.dal.net 372 cmeston_ :-  heimdall (heimdall@dal.net)
>> :bifrost.ca.us.dal.net 372 cmeston_ :-  tau (tau@dal.net)
>> :bifrost.ca.us.dal.net 372 cmeston_ :- 
>> :bifrost.ca.us.dal.net 372 cmeston_ :-  Operators
>> :bifrost.ca.us.dal.net 372 cmeston_ :-  Ariel7 (ariel7@dal.net)
>> :bifrost.ca.us.dal.net 372 cmeston_ :-  CaeSpock (caespock@dal.net)
>> :bifrost.ca.us.dal.net 372 cmeston_ :-  chalcedony (chalcedony@dal.net)
>> :bifrost.ca.us.dal.net 372 cmeston_ :-  dros (dros@dal.net)
>> :bifrost.ca.us.dal.net 372 cmeston_ :-  Estella (estella@dal.net)
>> :bifrost.ca.us.dal.net 372 cmeston_ :-  jason (jason@dal.net)
>> :bifrost.ca.us.dal.net 372 cmeston_ :-  jeian (jeian@dal.net)
>> :bifrost.ca.us.dal.net 372 cmeston_ :-  knas (knas@dal.net)
>> :bifrost.ca.us.dal.net 372 cmeston_ :-  Mobscene (mobscene@dal.net)
>> :bifrost.ca.us.dal.net 372 cmeston_ :-  Priyanka (priyanka@dal.net)
>> :bifrost.ca.us.dal.net 372 cmeston_ :-  strax (strax@dal.net)
>> :bifrost.ca.us.dal.net 372 cmeston_ :- 
>> :bifrost.ca.us.dal.net 372 cmeston_ :-   Server Policies
>> :bifrost.ca.us.dal.net 372 cmeston_ :- 
>> :bifrost.ca.us.dal.net 372 cmeston_ :-  - No malicious bots!
>> :bifrost.ca.us.dal.net 372 cmeston_ :-  - No channel fillers of any kind!
>> :bifrost.ca.us.dal.net 372 cmeston_ :-  - User and/or operator impersonations will NOT be tolerated.
>> :bifrost.ca.us.dal.net 372 cmeston_ :- 
>> :bifrost.ca.us.dal.net 372 cmeston_ :-   Help channels
>> :bifrost.ca.us.dal.net 372 cmeston_ :- 
>> :bifrost.ca.us.dal.net 372 cmeston_ :-  - #operhelp - IRC operator help
>> :bifrost.ca.us.dal.net 372 cmeston_ :-  - #help     - General IRC/services help
>> :bifrost.ca.us.dal.net 372 cmeston_ :- 
>> :bifrost.ca.us.dal.net 372 cmeston_ :- By connecting to this network, you agree to abide by
>> :bifrost.ca.us.dal.net 372 cmeston_ :- its acceptable use policy (AUP), available on our website:
>> :bifrost.ca.us.dal.net 372 cmeston_ :- https://www.dal.net/aup
>> :bifrost.ca.us.dal.net 372 cmeston_ :- 
>> :bifrost.ca.us.dal.net 372 cmeston_ :- Thank you for connecting to DALnet!
>> :bifrost.ca.us.dal.net 376 cmeston_ :End of /MOTD command.
>> :cmeston_ MODE cmeston_ :+iH
>> :bifrost.ca.us.dal.net 311 cmeston_ cmeston ~cmeston 2618-2ed8-f8de-36d4-9088.210.62.ip * :Chine MESTON
--> nickfind event whois
>> :bifrost.ca.us.dal.net 312 cmeston_ cmeston halcyon.il.us.dal.net :valar dohaeris
--> event empty
>> :bifrost.ca.us.dal.net 318 cmeston_ cmeston :End of /WHOIS list.
--> event empty
<< PING bifrost.ca.us.dal.net
>> :bifrost.ca.us.dal.net PONG bifrost.ca.us.dal.net :cmeston_
--> lag pong
<< NICK toto
>> :cmeston!~cmeston@2618-2ed8-f8de-36d4-9088.210.62.ip NICK :toto
>> :NickServ!service@dal.net NOTICE toto :This nick is owned by someone else. Please choose another.
>> :NickServ!service@dal.net NOTICE toto :If this is your nick, type: /msg NickServ@services.dal.net IDENTIFY <password>
>> :NickServ!service@dal.net NOTICE toto :Your nick will be changed in 60 seconds if you do not comply.
<< NICK tototo
>> :toto!~cmeston@2618-2ed8-f8de-36d4-9088.210.62.ip NICK :tototo
<< JOIN #tututu
>> :tototo!~cmeston@2618-2ed8-f8de-36d4-9088.210.62.ip JOIN :#tututu
>> :halcyon.il.us.dal.net 353 tototo = #tututu :@tototo 
>> :halcyon.il.us.dal.net 366 tototo #tututu :End of /NAMES list.
<< MODE #tututu
>> :halcyon.il.us.dal.net 324 tototo #tututu + 
--> chanquery mode
<< WHO #tututu
>> :halcyon.il.us.dal.net 329 tototo #tututu 1685444194
--> event 329
>> :halcyon.il.us.dal.net 352 tototo #tututu ~cmeston 2618-2ed8-f8de-36d4-9088.210.62.ip halcyon.il.us.dal.net tototo H@ :0 Chine MESTON
--> silent event who
>> :halcyon.il.us.dal.net 315 tototo #tututu :End of /WHO list.
--> chanquery who end
<< MODE #tututu b
>> :halcyon.il.us.dal.net 368 tototo #tututu :End of Channel Ban List
--> chanquery ban end
<< MODE #tututu +k
<< MODE #tututu +k
<< MODE #tututu +k 1
>> :tototo!~cmeston@2618-2ed8-f8de-36d4-9088.210.62.ip MODE #tututu +k 1
<< PING halcyon.il.us.dal.net
>> :halcyon.il.us.dal.net PONG halcyon.il.us.dal.net :tototo
--> lag pong
<< PING bifrost.ca.us.dal.net
>> :bifrost.ca.us.dal.net PONG bifrost.ca.us.dal.net :cmeston_
--> lag pong
<< PING halcyon.il.us.dal.net
>> :halcyon.il.us.dal.net PONG halcyon.il.us.dal.net :tototo
--> lag pong
<< PING bifrost.ca.us.dal.net
>> :bifrost.ca.us.dal.net PONG bifrost.ca.us.dal.net :cmeston_
--> lag pong
<< PING halcyon.il.us.dal.net
>> :halcyon.il.us.dal.net PONG halcyon.il.us.dal.net :tototo
--> lag pong
<< PING bifrost.ca.us.dal.net
>> :bifrost.ca.us.dal.net PONG bifrost.ca.us.dal.net :cmeston_
--> lag pong
<< QUIT :leaving
<< QUIT :leaving
